<?xml version="1.0" encoding="UTF-8"?>
<!-- Generated by org.testng.reporters.JUnitReportReporter -->
<testsuite hostname="DESKTOP-LBM8QOH" name="org.mma.training.selenium.NewTest" tests="1" failures="0" timestamp="29 Jun 2019 16:05:43 GMT" time="2.769" errors="0">
  <testcase name="testGooglePageTitleInIEBrowser" time="2.769" classname="org.mma.training.selenium.NewTest"/>
</testsuite> <!-- org.mma.training.selenium.NewTest -->
